2021-02-06 11:05:57.275  INFO 77528 --- [main] c.d.practice.registry.EurekaApplication  : No active profile set, falling back to default profiles: default
2021-02-06 11:05:57.806  WARN 77528 --- [main] o.s.boot.actuate.endpoint.EndpointId     : Endpoint ID 'service-registry' contains invalid characters, please migrate to a valid format.
2021-02-06 11:05:57.963  INFO 77528 --- [main] o.s.cloud.context.scope.GenericScope     : BeanFactory id=511388b0-91a3-33cb-b92c-9c174edd75cc
2021-02-06 11:05:58.037  INFO 77528 --- [main] trationDelegate$BeanPostProcessorChecker : Bean 'org.springframework.cloud.autoconfigure.ConfigurationPropertiesRebinderAutoConfiguration' of type [org.springframework.cloud.autoconfigure.ConfigurationPropertiesRebinderAutoConfiguration$$EnhancerBySpringCGLIB$$e1a215a1] is not eligible for getting processed by all BeanPostProcessors (for example: not eligible for auto-proxying)
2021-02-06 11:05:58.198  INFO 77528 --- [main] o.s.b.w.embedded.tomcat.TomcatWebServer  : Tomcat initialized with port(s): 8761 (http)
2021-02-06 11:05:58.215  INFO 77528 --- [main] o.apache.catalina.core.StandardService   : Starting service [Tomcat]
2021-02-06 11:05:58.216  INFO 77528 --- [main] org.apache.catalina.core.StandardEngine  : Starting Servlet engine: [Apache Tomcat/9.0.21]
2021-02-06 11:05:58.318  INFO 77528 --- [main] o.a.c.c.C.[Tomcat].[localhost].[/]       : Initializing Spring embedded WebApplicationContext
2021-02-06 11:05:58.318  INFO 77528 --- [main] o.s.web.context.ContextLoader            : Root WebApplicationContext: initialization completed in 1034 ms
2021-02-06 11:05:58.387  WARN 77528 --- [main] c.n.c.sources.URLConfigurationSource     : No URLs will be polled as dynamic configuration sources.
2021-02-06 11:05:58.388  INFO 77528 --- [main] c.n.c.sources.URLConfigurationSource     : To enable URLs as dynamic configuration sources, define System property archaius.configurationSource.additionalUrls or make config.properties available on classpath.
2021-02-06 11:05:58.395  INFO 77528 --- [main] c.netflix.config.DynamicPropertyFactory  : DynamicPropertyFactory is initialized with configuration sources: com.netflix.config.ConcurrentCompositeConfiguration@46963479
2021-02-06 11:05:58.893  INFO 77528 --- [main] c.s.j.s.i.a.WebApplicationImpl           : Initiating Jersey application, version 'Jersey: 1.19.1 03/11/2016 02:08 PM'
2021-02-06 11:05:58.934  INFO 77528 --- [main] c.n.d.provider.DiscoveryJerseyProvider   : Using JSON encoding codec LegacyJacksonJson
2021-02-06 11:05:58.935  INFO 77528 --- [main] c.n.d.provider.DiscoveryJerseyProvider   : Using JSON decoding codec LegacyJacksonJson
2021-02-06 11:05:59.005  INFO 77528 --- [main] c.n.d.provider.DiscoveryJerseyProvider   : Using XML encoding codec XStreamXml
2021-02-06 11:05:59.005  INFO 77528 --- [main] c.n.d.provider.DiscoveryJerseyProvider   : Using XML decoding codec XStreamXml
2021-02-06 11:05:59.266  WARN 77528 --- [main] c.n.c.sources.URLConfigurationSource     : No URLs will be polled as dynamic configuration sources.
2021-02-06 11:05:59.267  INFO 77528 --- [main] c.n.c.sources.URLConfigurationSource     : To enable URLs as dynamic configuration sources, define System property archaius.configurationSource.additionalUrls or make config.properties available on classpath.
2021-02-06 11:05:59.403  INFO 77528 --- [main] o.s.s.concurrent.ThreadPoolTaskExecutor  : Initializing ExecutorService 'applicationTaskExecutor'
2021-02-06 11:05:59.725  INFO 77528 --- [main] o.s.c.n.eureka.InstanceInfoFactory       : Setting initial instance status as: STARTING
2021-02-06 11:05:59.741  INFO 77528 --- [main] com.netflix.discovery.DiscoveryClient    : Initializing Eureka in region us-east-1
2021-02-06 11:05:59.741  INFO 77528 --- [main] com.netflix.discovery.DiscoveryClient    : Client configured to neither register nor query for data.
2021-02-06 11:05:59.745  INFO 77528 --- [main] com.netflix.discovery.DiscoveryClient    : Discovery Client initialized at timestamp 1612580759744 with initial instances count: 0
2021-02-06 11:05:59.767  INFO 77528 --- [main] c.n.eureka.DefaultEurekaServerContext    : Initializing ...
2021-02-06 11:05:59.769  INFO 77528 --- [main] c.n.eureka.cluster.PeerEurekaNodes       : Adding new peer nodes [http://127.0.0.1:8761/eureka/]
2021-02-06 11:05:59.889  INFO 77528 --- [main] c.n.d.provider.DiscoveryJerseyProvider   : Using JSON encoding codec LegacyJacksonJson
2021-02-06 11:05:59.889  INFO 77528 --- [main] c.n.d.provider.DiscoveryJerseyProvider   : Using JSON decoding codec LegacyJacksonJson
2021-02-06 11:05:59.889  INFO 77528 --- [main] c.n.d.provider.DiscoveryJerseyProvider   : Using XML encoding codec XStreamXml
2021-02-06 11:05:59.889  INFO 77528 --- [main] c.n.d.provider.DiscoveryJerseyProvider   : Using XML decoding codec XStreamXml
2021-02-06 11:05:59.970  INFO 77528 --- [main] c.n.eureka.cluster.PeerEurekaNodes       : Replica node URL:  http://127.0.0.1:8761/eureka/
2021-02-06 11:05:59.981  INFO 77528 --- [main] c.n.e.registry.AbstractInstanceRegistry  : Finished initializing remote region registries. All known remote regions: []
2021-02-06 11:05:59.983  INFO 77528 --- [main] c.n.eureka.DefaultEurekaServerContext    : Initialized
2021-02-06 11:05:59.995  INFO 77528 --- [main] o.s.b.a.e.web.EndpointLinksResolver      : Exposing 2 endpoint(s) beneath base path '/actuator'
2021-02-06 11:06:00.080  INFO 77528 --- [main] o.s.c.n.e.s.EurekaServiceRegistry        : Registering application EUREKA-REGISTRY with eureka with status UP
2021-02-06 11:06:00.082  INFO 77528 --- [Thread-19] o.s.c.n.e.server.EurekaServerBootstrap   : Setting the eureka configuration..
2021-02-06 11:06:00.083  INFO 77528 --- [Thread-19] o.s.c.n.e.server.EurekaServerBootstrap   : Eureka data center value eureka.datacenter is not set, defaulting to default
2021-02-06 11:06:00.083  INFO 77528 --- [Thread-19] o.s.c.n.e.server.EurekaServerBootstrap   : Eureka environment value eureka.environment is not set, defaulting to test
2021-02-06 11:06:00.090  INFO 77528 --- [Thread-19] o.s.c.n.e.server.EurekaServerBootstrap   : isAws returned false
2021-02-06 11:06:00.091  INFO 77528 --- [Thread-19] o.s.c.n.e.server.EurekaServerBootstrap   : Initialized server context
2021-02-06 11:06:00.091  INFO 77528 --- [Thread-19] c.n.e.r.PeerAwareInstanceRegistryImpl    : Got 1 instances from neighboring DS node
2021-02-06 11:06:00.091  INFO 77528 --- [Thread-19] c.n.e.r.PeerAwareInstanceRegistryImpl    : Renew threshold is: 1
2021-02-06 11:06:00.091  INFO 77528 --- [Thread-19] c.n.e.r.PeerAwareInstanceRegistryImpl    : Changing status to UP
2021-02-06 11:06:00.099  INFO 77528 --- [Thread-19] e.s.EurekaServerInitializerConfiguration : Started Eureka Server
2021-02-06 11:06:00.129  INFO 77528 --- [main] o.s.b.w.embedded.tomcat.TomcatWebServer  : Tomcat started on port(s): 8761 (http) with context path ''
2021-02-06 11:06:00.129  INFO 77528 --- [main] .s.c.n.e.s.EurekaAutoServiceRegistration : Updating port to 8761
2021-02-06 11:06:00.131  INFO 77528 --- [main] c.d.practice.registry.EurekaApplication  : Started EurekaApplication in 4.014 seconds (JVM running for 4.732)
2021-02-06 11:06:00.659  INFO 77528 --- [RMI TCP Connection(4)-127.0.0.1] o.a.c.c.C.[Tomcat].[localhost].[/]       : Initializing Spring DispatcherServlet 'dispatcherServlet'
2021-02-06 11:06:00.660  INFO 77528 --- [RMI TCP Connection(4)-127.0.0.1] o.s.web.servlet.DispatcherServlet        : Initializing Servlet 'dispatcherServlet'
2021-02-06 11:06:00.669  INFO 77528 --- [RMI TCP Connection(4)-127.0.0.1] o.s.web.servlet.DispatcherServlet        : Completed initialization in 9 ms
2021-02-06 11:06:03.377  INFO 77528 --- [Thread-22] o.s.c.n.e.s.EurekaServiceRegistry        : Unregistering application EUREKA-REGISTRY with eureka with status DOWN
2021-02-06 11:06:03.382  INFO 77528 --- [Thread-22] c.n.eureka.DefaultEurekaServerContext    : Shutting down ...
2021-02-06 11:06:03.386  INFO 77528 --- [Thread-22] c.n.eureka.DefaultEurekaServerContext    : Shut down
2021-02-06 11:06:03.390  INFO 77528 --- [Thread-22] o.s.s.concurrent.ThreadPoolTaskExecutor  : Shutting down ExecutorService 'applicationTaskExecutor'
2021-02-06 11:06:03.392  INFO 77528 --- [Thread-22] com.netflix.discovery.DiscoveryClient    : Shutting down DiscoveryClient ...
2021-02-06 11:06:03.392  INFO 77528 --- [Thread-22] com.netflix.discovery.DiscoveryClient    : Completed shut down of DiscoveryClient
